  BrainComponent.cpp
d:\documents\codingwork\year2\perforce\2017-2018\1602293\ct5037 programming high level architecture (sem2 - 201718)\aquarium\deps\glm\glm\detail\type_vec4.inl(433): warning C4244: 'argument': conversion from 'unsigned int' to 'float', possible loss of data
  d:\documents\codingwork\year2\perforce\2017-2018\1602293\ct5037 programming high level architecture (sem2 - 201718)\aquarium\src\braincomponent.cpp(587): note: see reference to function template instantiation 'glm::tvec4<float,0> &glm::tvec4<float,0>::operator /=<unsigned int>(U)' being compiled
          with
          [
              U=unsigned int
          ]
  d:\documents\codingwork\year2\perforce\2017-2018\1602293\ct5037 programming high level architecture (sem2 - 201718)\aquarium\src\braincomponent.cpp(587): note: see reference to function template instantiation 'glm::tvec4<float,0> &glm::tvec4<float,0>::operator /=<unsigned int>(U)' being compiled
          with
          [
              U=unsigned int
          ]
  Entity.cpp
  Fish.cpp
d:\documents\codingwork\year2\perforce\2017-2018\1602293\ct5037 programming high level architecture (sem2 - 201718)\aquarium\src\fish.cpp(12): warning C4244: 'argument': conversion from 'float' to 'int', possible loss of data
  ModelComponent.cpp
d:\documents\codingwork\year2\perforce\2017-2018\1602293\ct5037 programming high level architecture (sem2 - 201718)\aquarium\src\modelcomponent.cpp(50): warning C4244: 'argument': conversion from 'int' to 'float', possible loss of data
  Obstacle.cpp
  Shark.cpp
d:\documents\codingwork\year2\perforce\2017-2018\1602293\ct5037 programming high level architecture (sem2 - 201718)\aquarium\src\shark.cpp(12): warning C4244: 'argument': conversion from 'float' to 'int', possible loss of data
  TransformComponent.cpp
  aquarium.cpp
  Generating Code...
     Creating library D:\Documents\CodingWork\Year2\Perforce\2017-2018\1602293\CT5037 Programming High Level Architecture (SEM2 - 201718)\Aquarium\x64\Debug\Aquarium.lib and object D:\Documents\CodingWork\Year2\Perforce\2017-2018\1602293\CT5037 Programming High Level Architecture (SEM2 - 201718)\Aquarium\x64\Debug\Aquarium.exp
framework.lib(glew.obj) : warning LNK4099: PDB 'glew_s.pdb' was not found with 'framework.lib(glew.obj)' or at 'D:\Documents\CodingWork\Year2\Perforce\2017-2018\1602293\CT5037 Programming High Level Architecture (SEM2 - 201718)\Aquarium\x64\Debug\glew_s.pdb'; linking object as if no debug info
framework.lib(egl_context.obj) : warning LNK4099: PDB 'glfw.pdb' was not found with 'framework.lib(egl_context.obj)' or at 'D:\Documents\CodingWork\Year2\Perforce\2017-2018\1602293\CT5037 Programming High Level Architecture (SEM2 - 201718)\Aquarium\x64\Debug\glfw.pdb'; linking object as if no debug info
framework.lib(wgl_context.obj) : warning LNK4099: PDB 'glfw.pdb' was not found with 'framework.lib(wgl_context.obj)' or at 'D:\Documents\CodingWork\Year2\Perforce\2017-2018\1602293\CT5037 Programming High Level Architecture (SEM2 - 201718)\Aquarium\x64\Debug\glfw.pdb'; linking object as if no debug info
framework.lib(win32_window.obj) : warning LNK4099: PDB 'glfw.pdb' was not found with 'framework.lib(win32_window.obj)' or at 'D:\Documents\CodingWork\Year2\Perforce\2017-2018\1602293\CT5037 Programming High Level Architecture (SEM2 - 201718)\Aquarium\x64\Debug\glfw.pdb'; linking object as if no debug info
framework.lib(win32_tls.obj) : warning LNK4099: PDB 'glfw.pdb' was not found with 'framework.lib(win32_tls.obj)' or at 'D:\Documents\CodingWork\Year2\Perforce\2017-2018\1602293\CT5037 Programming High Level Architecture (SEM2 - 201718)\Aquarium\x64\Debug\glfw.pdb'; linking object as if no debug info
framework.lib(win32_time.obj) : warning LNK4099: PDB 'glfw.pdb' was not found with 'framework.lib(win32_time.obj)' or at 'D:\Documents\CodingWork\Year2\Perforce\2017-2018\1602293\CT5037 Programming High Level Architecture (SEM2 - 201718)\Aquarium\x64\Debug\glfw.pdb'; linking object as if no debug info
framework.lib(win32_monitor.obj) : warning LNK4099: PDB 'glfw.pdb' was not found with 'framework.lib(win32_monitor.obj)' or at 'D:\Documents\CodingWork\Year2\Perforce\2017-2018\1602293\CT5037 Programming High Level Architecture (SEM2 - 201718)\Aquarium\x64\Debug\glfw.pdb'; linking object as if no debug info
framework.lib(win32_joystick.obj) : warning LNK4099: PDB 'glfw.pdb' was not found with 'framework.lib(win32_joystick.obj)' or at 'D:\Documents\CodingWork\Year2\Perforce\2017-2018\1602293\CT5037 Programming High Level Architecture (SEM2 - 201718)\Aquarium\x64\Debug\glfw.pdb'; linking object as if no debug info
framework.lib(win32_init.obj) : warning LNK4099: PDB 'glfw.pdb' was not found with 'framework.lib(win32_init.obj)' or at 'D:\Documents\CodingWork\Year2\Perforce\2017-2018\1602293\CT5037 Programming High Level Architecture (SEM2 - 201718)\Aquarium\x64\Debug\glfw.pdb'; linking object as if no debug info
framework.lib(window.obj) : warning LNK4099: PDB 'glfw.pdb' was not found with 'framework.lib(window.obj)' or at 'D:\Documents\CodingWork\Year2\Perforce\2017-2018\1602293\CT5037 Programming High Level Architecture (SEM2 - 201718)\Aquarium\x64\Debug\glfw.pdb'; linking object as if no debug info
framework.lib(vulkan.obj) : warning LNK4099: PDB 'glfw.pdb' was not found with 'framework.lib(vulkan.obj)' or at 'D:\Documents\CodingWork\Year2\Perforce\2017-2018\1602293\CT5037 Programming High Level Architecture (SEM2 - 201718)\Aquarium\x64\Debug\glfw.pdb'; linking object as if no debug info
framework.lib(monitor.obj) : warning LNK4099: PDB 'glfw.pdb' was not found with 'framework.lib(monitor.obj)' or at 'D:\Documents\CodingWork\Year2\Perforce\2017-2018\1602293\CT5037 Programming High Level Architecture (SEM2 - 201718)\Aquarium\x64\Debug\glfw.pdb'; linking object as if no debug info
framework.lib(input.obj) : warning LNK4099: PDB 'glfw.pdb' was not found with 'framework.lib(input.obj)' or at 'D:\Documents\CodingWork\Year2\Perforce\2017-2018\1602293\CT5037 Programming High Level Architecture (SEM2 - 201718)\Aquarium\x64\Debug\glfw.pdb'; linking object as if no debug info
framework.lib(init.obj) : warning LNK4099: PDB 'glfw.pdb' was not found with 'framework.lib(init.obj)' or at 'D:\Documents\CodingWork\Year2\Perforce\2017-2018\1602293\CT5037 Programming High Level Architecture (SEM2 - 201718)\Aquarium\x64\Debug\glfw.pdb'; linking object as if no debug info
framework.lib(context.obj) : warning LNK4099: PDB 'glfw.pdb' was not found with 'framework.lib(context.obj)' or at 'D:\Documents\CodingWork\Year2\Perforce\2017-2018\1602293\CT5037 Programming High Level Architecture (SEM2 - 201718)\Aquarium\x64\Debug\glfw.pdb'; linking object as if no debug info
  Aquarium.vcxproj -> D:\Documents\CodingWork\Year2\Perforce\2017-2018\1602293\CT5037 Programming High Level Architecture (SEM2 - 201718)\Aquarium\x64\Debug\Aquarium.exe
