C:\Program Files (x86)\Microsoft Visual Studio\2017\Community\Common7\IDE\VC\VCTargets\Microsoft.CppBuild.targets(391,5): warning MSB8028: The intermediate directory (D:\Documents\CodingWork\Year2\Perforce\2017-2018\1602293\CT5037 Programming High Level Architecture (SEM2 - 201718)\Aquarium-Using-Boids\/obj\) contains files shared from another project (example.vcxproj).  This can lead to incorrect clean and rebuild behavior.
  main.cpp
d:\documents\codingwork\year2\perforce\2017-2018\1602293\ct5037 programming high level architecture (sem2 - 201718)\aquarium-using-boids\src\main.cpp(6): warning C4100: 'argv': unreferenced formal parameter
d:\documents\codingwork\year2\perforce\2017-2018\1602293\ct5037 programming high level architecture (sem2 - 201718)\aquarium-using-boids\src\main.cpp(6): warning C4100: 'argc': unreferenced formal parameter
  aquarium.cpp
  Generating Code...
     Creating library D:\Documents\CodingWork\Year2\Perforce\2017-2018\1602293\CT5037 Programming High Level Architecture (SEM2 - 201718)\Aquarium-Using-Boids\/bin\aquarium.lib and object D:\Documents\CodingWork\Year2\Perforce\2017-2018\1602293\CT5037 Programming High Level Architecture (SEM2 - 201718)\Aquarium-Using-Boids\/bin\aquarium.exp
framework.lib(egl_context.obj) : warning LNK4099: PDB 'glfw.pdb' was not found with 'framework.lib(egl_context.obj)' or at 'D:\Documents\CodingWork\Year2\Perforce\2017-2018\1602293\CT5037 Programming High Level Architecture (SEM2 - 201718)\Aquarium-Using-Boids\bin\glfw.pdb'; linking object as if no debug info
framework.lib(wgl_context.obj) : warning LNK4099: PDB 'glfw.pdb' was not found with 'framework.lib(wgl_context.obj)' or at 'D:\Documents\CodingWork\Year2\Perforce\2017-2018\1602293\CT5037 Programming High Level Architecture (SEM2 - 201718)\Aquarium-Using-Boids\bin\glfw.pdb'; linking object as if no debug info
framework.lib(win32_window.obj) : warning LNK4099: PDB 'glfw.pdb' was not found with 'framework.lib(win32_window.obj)' or at 'D:\Documents\CodingWork\Year2\Perforce\2017-2018\1602293\CT5037 Programming High Level Architecture (SEM2 - 201718)\Aquarium-Using-Boids\bin\glfw.pdb'; linking object as if no debug info
framework.lib(win32_tls.obj) : warning LNK4099: PDB 'glfw.pdb' was not found with 'framework.lib(win32_tls.obj)' or at 'D:\Documents\CodingWork\Year2\Perforce\2017-2018\1602293\CT5037 Programming High Level Architecture (SEM2 - 201718)\Aquarium-Using-Boids\bin\glfw.pdb'; linking object as if no debug info
framework.lib(win32_time.obj) : warning LNK4099: PDB 'glfw.pdb' was not found with 'framework.lib(win32_time.obj)' or at 'D:\Documents\CodingWork\Year2\Perforce\2017-2018\1602293\CT5037 Programming High Level Architecture (SEM2 - 201718)\Aquarium-Using-Boids\bin\glfw.pdb'; linking object as if no debug info
framework.lib(win32_monitor.obj) : warning LNK4099: PDB 'glfw.pdb' was not found with 'framework.lib(win32_monitor.obj)' or at 'D:\Documents\CodingWork\Year2\Perforce\2017-2018\1602293\CT5037 Programming High Level Architecture (SEM2 - 201718)\Aquarium-Using-Boids\bin\glfw.pdb'; linking object as if no debug info
framework.lib(win32_joystick.obj) : warning LNK4099: PDB 'glfw.pdb' was not found with 'framework.lib(win32_joystick.obj)' or at 'D:\Documents\CodingWork\Year2\Perforce\2017-2018\1602293\CT5037 Programming High Level Architecture (SEM2 - 201718)\Aquarium-Using-Boids\bin\glfw.pdb'; linking object as if no debug info
framework.lib(win32_init.obj) : warning LNK4099: PDB 'glfw.pdb' was not found with 'framework.lib(win32_init.obj)' or at 'D:\Documents\CodingWork\Year2\Perforce\2017-2018\1602293\CT5037 Programming High Level Architecture (SEM2 - 201718)\Aquarium-Using-Boids\bin\glfw.pdb'; linking object as if no debug info
framework.lib(window.obj) : warning LNK4099: PDB 'glfw.pdb' was not found with 'framework.lib(window.obj)' or at 'D:\Documents\CodingWork\Year2\Perforce\2017-2018\1602293\CT5037 Programming High Level Architecture (SEM2 - 201718)\Aquarium-Using-Boids\bin\glfw.pdb'; linking object as if no debug info
framework.lib(vulkan.obj) : warning LNK4099: PDB 'glfw.pdb' was not found with 'framework.lib(vulkan.obj)' or at 'D:\Documents\CodingWork\Year2\Perforce\2017-2018\1602293\CT5037 Programming High Level Architecture (SEM2 - 201718)\Aquarium-Using-Boids\bin\glfw.pdb'; linking object as if no debug info
framework.lib(monitor.obj) : warning LNK4099: PDB 'glfw.pdb' was not found with 'framework.lib(monitor.obj)' or at 'D:\Documents\CodingWork\Year2\Perforce\2017-2018\1602293\CT5037 Programming High Level Architecture (SEM2 - 201718)\Aquarium-Using-Boids\bin\glfw.pdb'; linking object as if no debug info
framework.lib(input.obj) : warning LNK4099: PDB 'glfw.pdb' was not found with 'framework.lib(input.obj)' or at 'D:\Documents\CodingWork\Year2\Perforce\2017-2018\1602293\CT5037 Programming High Level Architecture (SEM2 - 201718)\Aquarium-Using-Boids\bin\glfw.pdb'; linking object as if no debug info
framework.lib(init.obj) : warning LNK4099: PDB 'glfw.pdb' was not found with 'framework.lib(init.obj)' or at 'D:\Documents\CodingWork\Year2\Perforce\2017-2018\1602293\CT5037 Programming High Level Architecture (SEM2 - 201718)\Aquarium-Using-Boids\bin\glfw.pdb'; linking object as if no debug info
framework.lib(context.obj) : warning LNK4099: PDB 'glfw.pdb' was not found with 'framework.lib(context.obj)' or at 'D:\Documents\CodingWork\Year2\Perforce\2017-2018\1602293\CT5037 Programming High Level Architecture (SEM2 - 201718)\Aquarium-Using-Boids\bin\glfw.pdb'; linking object as if no debug info
  example.vcxproj -> D:\Documents\CodingWork\Year2\Perforce\2017-2018\1602293\CT5037 Programming High Level Architecture (SEM2 - 201718)\Aquarium-Using-Boids\/bin\aquarium.exe
